c:\users\chaincpl\source\repos\memorypool\sectornine\game\x64\debug\vc143.pdb
c:\users\chaincpl\source\repos\memorypool\sectornine\game\x64\debug\vc143.idb
c:\users\chaincpl\source\repos\memorypool\sectornine\game\x64\debug\player.obj
c:\users\chaincpl\source\repos\memorypool\sectornine\game\x64\debug\map.obj
c:\users\chaincpl\source\repos\memorypool\sectornine\game\x64\debug\gameengine.obj
c:\users\chaincpl\source\repos\memorypool\sectornine\game\x64\debug\entity.obj
c:\users\chaincpl\source\repos\memorypool\sectornine\game\x64\debug\enemy.obj
c:\users\chaincpl\source\repos\memorypool\sectornine\game\x64\debug\main.obj
c:\users\chaincpl\source\repos\memorypool\sectornine\game\x64\debug\leaf.obj
c:\users\chaincpl\source\repos\memorypool\sectornine\game\x64\debug\game.ilk
c:\users\chaincpl\source\repos\memorypool\sectornine\x64\debug\game.pdb
c:\users\chaincpl\source\repos\memorypool\sectornine\x64\debug\game.exe
c:\users\chaincpl\source\repos\memorypool\sectornine\x64\debug\game.ilk
c:\users\chaincpl\source\repos\memorypool\sectornine\game\x64\debug\game.tlog\cl.command.1.tlog
c:\users\chaincpl\source\repos\memorypool\sectornine\game\x64\debug\game.tlog\cl.items.tlog
c:\users\chaincpl\source\repos\memorypool\sectornine\game\x64\debug\game.tlog\cl.read.1.tlog
c:\users\chaincpl\source\repos\memorypool\sectornine\game\x64\debug\game.tlog\cl.write.1.tlog
c:\users\chaincpl\source\repos\memorypool\sectornine\game\x64\debug\game.tlog\link.command.1.tlog
c:\users\chaincpl\source\repos\memorypool\sectornine\game\x64\debug\game.tlog\link.read.1.tlog
c:\users\chaincpl\source\repos\memorypool\sectornine\game\x64\debug\game.tlog\link.secondary.1.tlog
c:\users\chaincpl\source\repos\memorypool\sectornine\game\x64\debug\game.tlog\link.write.1.tlog
